0 info it worked if it ends with ok
1 verbose cli [ '/usr/bin/nodejs', '/usr/bin/npm', 'publish' ]
2 info using npm@3.10.7
3 info using node@v6.5.0
4 verbose publish [ '.' ]
5 silly cache add args [ '.', null ]
6 verbose cache add spec .
7 silly cache add parsed spec Result {
7 silly cache add   raw: '.',
7 silly cache add   scope: null,
7 silly cache add   escapedName: null,
7 silly cache add   name: null,
7 silly cache add   rawSpec: '.',
7 silly cache add   spec: '/home/joon/mock-chain',
7 silly cache add   type: 'directory' }
8 verbose addLocalDirectory /home/joon/.npm/mock-chain/0.1.0/package.tgz not in flight; packing
9 verbose correctMkdir /home/joon/.npm correctMkdir not in flight; initializing
10 info lifecycle mock-chain@0.1.0~prepublish: mock-chain@0.1.0
11 silly lifecycle mock-chain@0.1.0~prepublish: no script for prepublish, continuing
12 verbose tar pack [ '/home/joon/.npm/mock-chain/0.1.0/package.tgz',
12 verbose tar pack   '/home/joon/mock-chain' ]
13 verbose tarball /home/joon/.npm/mock-chain/0.1.0/package.tgz
14 verbose folder /home/joon/mock-chain
15 verbose addLocalTarball adding from inside cache /home/joon/.npm/mock-chain/0.1.0/package.tgz
16 verbose correctMkdir /home/joon/.npm correctMkdir not in flight; initializing
17 silly cache afterAdd mock-chain@0.1.0
18 verbose afterAdd /home/joon/.npm/mock-chain/0.1.0/package/package.json not in flight; writing
19 verbose correctMkdir /home/joon/.npm correctMkdir not in flight; initializing
20 verbose afterAdd /home/joon/.npm/mock-chain/0.1.0/package/package.json written
21 silly publish { name: 'mock-chain',
21 silly publish   version: '0.1.0',
21 silly publish   description: 'Easily mock and test chained api calls, powered by Proxy',
21 silly publish   main: 'index.js',
21 silly publish   scripts: { test: 'echo "Error: no test specified" && exit 1' },
21 silly publish   repository:
21 silly publish    { type: 'git',
21 silly publish      url: 'git+https://github.com/joonhyublee/mock-chain.git' },
21 silly publish   author: '',
21 silly publish   license: 'GPL-3.0',
21 silly publish   bugs: { url: 'https://github.com/joonhyublee/mock-chain/issues' },
21 silly publish   homepage: 'https://github.com/joonhyublee/mock-chain#readme',
21 silly publish   readme: '# mock-chain\nEasily mock and test chained api calls, powered by Proxy\n',
21 silly publish   readmeFilename: 'README.md',
21 silly publish   gitHead: 'a08d5b08e569a7cb3bf446c4582c38c15ee1598a',
21 silly publish   _id: 'mock-chain@0.1.0',
21 silly publish   _shasum: '19f3d48e9fce166aceb886680c1d508a3d2eb2a3',
21 silly publish   _from: '.' }
22 verbose getPublishConfig undefined
23 silly mapToRegistry name mock-chain
24 silly mapToRegistry using default registry
25 silly mapToRegistry registry https://registry.npmjs.org/
26 silly mapToRegistry data Result {
26 silly mapToRegistry   raw: 'mock-chain',
26 silly mapToRegistry   scope: null,
26 silly mapToRegistry   escapedName: 'mock-chain',
26 silly mapToRegistry   name: 'mock-chain',
26 silly mapToRegistry   rawSpec: '',
26 silly mapToRegistry   spec: 'latest',
26 silly mapToRegistry   type: 'tag' }
27 silly mapToRegistry uri https://registry.npmjs.org/mock-chain
28 verbose publish registryBase https://registry.npmjs.org/
29 silly publish uploading /home/joon/.npm/mock-chain/0.1.0/package.tgz
30 verbose request uri https://registry.npmjs.org/mock-chain
31 verbose request sending authorization for write operation
32 info attempt registry request try #1 at 11:22:01 AM
33 verbose request using bearer token for auth
34 verbose request id a21acacb804e5adf
35 http request PUT https://registry.npmjs.org/mock-chain
36 http 403 https://registry.npmjs.org/mock-chain
37 verbose headers { 'content-type': 'application/json',
37 verbose headers   'cache-control': 'max-age=300',
37 verbose headers   'content-length': '95',
37 verbose headers   'accept-ranges': 'bytes',
37 verbose headers   date: 'Tue, 13 Sep 2016 02:22:02 GMT',
37 verbose headers   via: '1.1 varnish',
37 verbose headers   connection: 'keep-alive',
37 verbose headers   'x-served-by': 'cache-nrt6126-NRT',
37 verbose headers   'x-cache': 'MISS',
37 verbose headers   'x-cache-hits': '0',
37 verbose headers   'x-timer': 'S1473733322.000268,VS0,VE513',
37 verbose headers   vary: 'Accept-Encoding' }
38 verbose request invalidating /home/joon/.npm/registry.npmjs.org/mock-chain on PUT
39 error publish Failed PUT 403
40 verbose stack Error: "You cannot publish over the previously published version 0.1.0." : mock-chain
40 verbose stack     at makeError (/usr/lib/node_modules/npm/node_modules/npm-registry-client/lib/request.js:264:12)
40 verbose stack     at CachingRegistryClient.<anonymous> (/usr/lib/node_modules/npm/node_modules/npm-registry-client/lib/request.js:252:14)
40 verbose stack     at Request._callback (/usr/lib/node_modules/npm/node_modules/npm-registry-client/lib/request.js:172:14)
40 verbose stack     at Request.self.callback (/usr/lib/node_modules/npm/node_modules/request/request.js:187:22)
40 verbose stack     at emitTwo (events.js:106:13)
40 verbose stack     at Request.emit (events.js:191:7)
40 verbose stack     at Request.<anonymous> (/usr/lib/node_modules/npm/node_modules/request/request.js:1044:10)
40 verbose stack     at emitOne (events.js:96:13)
40 verbose stack     at Request.emit (events.js:188:7)
40 verbose stack     at IncomingMessage.<anonymous> (/usr/lib/node_modules/npm/node_modules/request/request.js:965:12)
41 verbose statusCode 403
42 verbose pkgid mock-chain
43 verbose cwd /home/joon/mock-chain
44 error Linux 4.4.0-36-generic
45 error argv "/usr/bin/nodejs" "/usr/bin/npm" "publish"
46 error node v6.5.0
47 error npm  v3.10.7
48 error code E403
49 error "You cannot publish over the previously published version 0.1.0." : mock-chain
50 error If you need help, you may report this error at:
50 error     <https://github.com/npm/npm/issues>
51 verbose exit [ 1, true ]
